<?xml version="1.0" encoding="UTF-8"?>
<!-- Generated by org.testng.reporters.JUnitReportReporter -->
<testsuite skipped="0" hostname="AABLR0394" name="com.halodoc.testCases.Logintests" tests="1" failures="0" timestamp="2020-07-02T19:24:30 IST" time="0.008" errors="0">
  <testcase name="verifyLogin" time="0.008" classname="com.halodoc.testCases.Logintests"/>
  <system-out/>
</testsuite> <!-- com.halodoc.testCases.Logintests -->
